TN:
SF:index.js
FN:6,(anonymous_0)
FN:12,(anonymous_1)
FN:16,(anonymous_2)
FN:18,(anonymous_3)
FN:24,(anonymous_4)
FN:27,(anonymous_5)
FN:36,(anonymous_6)
FN:44,(anonymous_7)
FN:53,(anonymous_8)
FN:57,(anonymous_9)
FN:74,(anonymous_10)
FNF:11
FNH:6
FNDA:1,(anonymous_0)
FNDA:2,(anonymous_1)
FNDA:0,(anonymous_2)
FNDA:0,(anonymous_3)
FNDA:3,(anonymous_4)
FNDA:15,(anonymous_5)
FNDA:1,(anonymous_6)
FNDA:0,(anonymous_7)
FNDA:1,(anonymous_8)
FNDA:0,(anonymous_9)
FNDA:0,(anonymous_10)
DA:1,1
DA:2,1
DA:4,1
DA:6,1
DA:7,1
DA:10,1
DA:12,1
DA:13,2
DA:16,1
DA:17,0
DA:18,0
DA:19,0
DA:21,0
DA:24,1
DA:25,3
DA:26,3
DA:27,15
DA:28,3
DA:29,0
DA:31,3
DA:32,3
DA:36,1
DA:37,1
DA:38,1
DA:39,1
DA:40,1
DA:44,0
DA:45,0
DA:46,0
DA:47,0
DA:49,0
DA:53,1
DA:54,1
DA:55,1
DA:56,0
DA:57,0
DA:59,0
DA:60,0
DA:61,0
DA:62,0
DA:64,0
DA:69,1
DA:74,1
DA:75,0
DA:78,1
LF:45
LH:27
BRDA:19,0,0,0
BRDA:19,0,1,0
BRDA:28,1,0,0
BRDA:28,1,1,3
BRDA:39,2,0,1
BRDA:39,2,1,0
BRDA:45,3,0,0
BRDA:45,3,1,0
BRDA:55,4,0,0
BRDA:55,4,1,1
BRDA:59,5,0,0
BRDA:59,5,1,0
BRF:12
BRH:3
end_of_record
